one 50 10.559890985488892 [50.        15.88       0.4223701]
one 100 72.07171440124512 [100.          27.56         2.88281949]
one 150 220.5173876285553 [150.          37.4          8.82064232]
uniform 150 173.3547878265381 [150.          27.48         6.93413325]
uniform 200 370.5054533481598 [200.         33.44       14.8201705]
uniform 250 658.9643721580505 [250.          38.16        26.35851315]
uniform 300 1078.8863008022308 [300.          43.12        43.15537675]
uniform 350 1607.8142194747925 [350.          47.16        64.31187102]
uniform 400 2309.593113899231 [400.          51.28        92.38300512]
position 250 531.2983403205872 [250.          33.2         21.25190372]
position 300 877.4821977615356 [300.          37.28        35.09923061]
position 350 1328.0278317928314 [350.          41.          53.12046592]
perfect 50 6.314648389816284 [50.         10.48        0.25257031]
perfect 100 43.23765969276428 [100.          18.08         1.72948745]
perfect 150 130.24341917037964 [150.          23.76         5.20972066]
perfect 200 284.95772528648376 [200.          28.52        11.39828238]
perfect 250 536.3772537708282 [250.         33.12       21.4550649]
perfect 300 902.7702951431274 [300.          37.28        36.11076889]
one 200 471.9659390449524 [200.         45.76       18.8785837]
one 250 875.7623336315155 [250.          53.36        35.03042283]
one 300 1493.2227053642273 [300.          61.56        59.72880954]
uniform 450 3223.2335748672485 [450.          54.96       128.92901868]
uniform 500 4287.729560852051 [500.          58.56       171.50885837]
position 50 6.315155982971191 [50.         10.44        0.25258959]
perfect 500 3767.3456976413727 [500.         50.92      150.6935468]
one 500 6233.986593961716 [500.          87.         249.35915678]
uniform 50 8.87786316871643 [50.         12.36        0.35509965]
uniform 100 58.2447612285614 [100.          21.           2.32977462]
position 100 44.537911891937256 [100.          18.           1.78150048]
position 150 132.05886363983154 [150.          23.52         5.28233334]
position 200 294.2368061542511 [200.          28.88        11.76944893]
position 400 1940.7766258716583 [400.          44.6         77.63101703]
position 450 2682.933569431305 [450.          47.64       107.31706073]
position 500 3552.475273132324 [500.        51.04     142.098727]
=========== one ===========
[50.        15.88       0.4223701]
[100.          27.56         2.88281949]
[150.          37.4          8.82064232]
[200.         45.76       18.8785837]
[250.          53.36        35.03042283]
[300.          61.56        59.72880954]
[350.          68.28        89.56696882]
[400.          74.24       129.01025043]
[450.          81.6        184.08235881]
[500.          87.         249.35915678]
=========== uniform ===========
[50.         12.36        0.35509965]
[100.          21.           2.32977462]
[150.          27.48         6.93413325]
[200.         33.44       14.8201705]
[250.          38.16        26.35851315]
[300.          43.12        43.15537675]
[350.          47.16        64.31187102]
[400.          51.28        92.38300512]
[450.          54.96       128.92901868]
[500.          58.56       171.50885837]
=========== position ===========
[50.         10.44        0.25258959]
[100.          18.           1.78150048]
[150.          23.52         5.28233334]
[200.          28.88        11.76944893]
[250.          33.2         21.25190372]
[300.          37.28        35.09923061]
[350.          41.          53.12046592]
[400.          44.6         77.63101703]
[450.          47.64       107.31706073]
[500.        51.04     142.098727]
=========== perfect ===========
[50.         10.48        0.25257031]
[100.          18.08         1.72948745]
[150.          23.76         5.20972066]
[200.          28.52        11.39828238]
[250.         33.12       21.4550649]
[300.          37.28        36.11076889]
[350.         40.92       54.7360503]
[400.          44.4         78.78406545]
[450.          48.04       111.53041764]
[500.         50.92      150.6935468]
[[[5.00000000e+01 1.58800000e+01 4.22370100e-01]
  [1.00000000e+02 2.75600000e+01 2.88281949e+00]
  [1.50000000e+02 3.74000000e+01 8.82064232e+00]
  [2.00000000e+02 4.57600000e+01 1.88785837e+01]
  [2.50000000e+02 5.33600000e+01 3.50304228e+01]
  [3.00000000e+02 6.15600000e+01 5.97288095e+01]
  [3.50000000e+02 6.82800000e+01 8.95669688e+01]
  [4.00000000e+02 7.42400000e+01 1.29010250e+02]
  [4.50000000e+02 8.16000000e+01 1.84082359e+02]
  [5.00000000e+02 8.70000000e+01 2.49359157e+02]]

 [[5.00000000e+01 1.23600000e+01 3.55099649e-01]
  [1.00000000e+02 2.10000000e+01 2.32977462e+00]
  [1.50000000e+02 2.74800000e+01 6.93413325e+00]
  [2.00000000e+02 3.34400000e+01 1.48201705e+01]
  [2.50000000e+02 3.81600000e+01 2.63585131e+01]
  [3.00000000e+02 4.31200000e+01 4.31553767e+01]
  [3.50000000e+02 4.71600000e+01 6.43118710e+01]
  [4.00000000e+02 5.12800000e+01 9.23830051e+01]
  [4.50000000e+02 5.49600000e+01 1.28929019e+02]
  [5.00000000e+02 5.85600000e+01 1.71508858e+02]]

 [[5.00000000e+01 1.04400000e+01 2.52589588e-01]
  [1.00000000e+02 1.80000000e+01 1.78150048e+00]
  [1.50000000e+02 2.35200000e+01 5.28233334e+00]
  [2.00000000e+02 2.88800000e+01 1.17694489e+01]
  [2.50000000e+02 3.32000000e+01 2.12519037e+01]
  [3.00000000e+02 3.72800000e+01 3.50992306e+01]
  [3.50000000e+02 4.10000000e+01 5.31204659e+01]
  [4.00000000e+02 4.46000000e+01 7.76310170e+01]
  [4.50000000e+02 4.76400000e+01 1.07317061e+02]
  [5.00000000e+02 5.10400000e+01 1.42098727e+02]]

 [[5.00000000e+01 1.04800000e+01 2.52570314e-01]
  [1.00000000e+02 1.80800000e+01 1.72948745e+00]
  [1.50000000e+02 2.37600000e+01 5.20972066e+00]
  [2.00000000e+02 2.85200000e+01 1.13982824e+01]
  [2.50000000e+02 3.31200000e+01 2.14550649e+01]
  [3.00000000e+02 3.72800000e+01 3.61107689e+01]
  [3.50000000e+02 4.09200000e+01 5.47360503e+01]
  [4.00000000e+02 4.44000000e+01 7.87840654e+01]
  [4.50000000e+02 4.80400000e+01 1.11530418e+02]
  [5.00000000e+02 5.09200000e+01 1.50693547e+02]]]
time: 16192.88399887085
